Loaded model gait2392_simbody_3DOF_MD_scaled from file C:\Users\u0113530\Documents\MuscleTendonEstimator\Examples\Example_trackUS\Data\model.osim
AbstractTool trial_1_IK loading model 'C:\Users\u0113530\Documents\MuscleTendonEstimator\Examples\Example_trackUS\Data\model.osim'
Loaded model gait2392_simbody_3DOF_MD_scaled from file C:\Users\u0113530\Documents\MuscleTendonEstimator\Examples\Example_trackUS\Data\model.osim
No external loads will be applied (external loads file not specified).

Loading coordinates from file C:\Users\u0113530\Documents\MuscleTendonEstimator\Examples\Example_trackUS\Data\trial_1_IK.mot.
Old version storage/motion file encountered
Storage: file=C:\Users\u0113530\Documents\MuscleTendonEstimator\Examples\Example_trackUS\Data\trial_1_IK.mot (nr=121 nc=42)
.. assuming rotations in Degrees.
Coordinate.setValue: WARN- coordinate pro_sup_r is locked. Unable to change its value.
Coordinate.setValue: WARN- coordinate pro_sup_l is locked. Unable to change its value.
Found 121 state vectors with time stamps ranging from 2.39 to 3.59.
Executing the analyses from 2.39 to 3.59...
Printing results of investigation trial_1_IK to C:\Users\u0113530\Documents\MuscleTendonEstimator\Examples\Example_trackUS\Results\MuscleAnalysis.
Loaded model gait2392_simbody_3DOF_MD_scaled from file C:\Users\u0113530\Documents\MuscleTendonEstimator\Examples\Example_trackUS\Data\model.osim
AbstractTool trial_1_IK loading model 'C:\Users\u0113530\Documents\MuscleTendonEstimator\Examples\Example_trackUS\Data\model.osim'
Loaded model gait2392_simbody_3DOF_MD_scaled from file C:\Users\u0113530\Documents\MuscleTendonEstimator\Examples\Example_trackUS\Data\model.osim
No external loads will be applied (external loads file not specified).

Loading coordinates from file C:\Users\u0113530\Documents\MuscleTendonEstimator\Examples\Example_trackUS\Data\trial_1_IK.mot.
Old version storage/motion file encountered
Storage: file=C:\Users\u0113530\Documents\MuscleTendonEstimator\Examples\Example_trackUS\Data\trial_1_IK.mot (nr=121 nc=42)
.. assuming rotations in Degrees.
Coordinate.setValue: WARN- coordinate pro_sup_r is locked. Unable to change its value.
Coordinate.setValue: WARN- coordinate pro_sup_l is locked. Unable to change its value.
Found 121 state vectors with time stamps ranging from 2.39 to 3.59.
Executing the analyses from 2.39 to 3.59...
Printing results of investigation trial_1_IK to C:\Users\u0113530\Documents\MuscleTendonEstimator\Examples\Example_trackUS\Results\MuscleAnalysis.
Loaded model gait2392_simbody_3DOF_MD_scaled from file C:\Users\u0113530\Documents\MuscleTendonEstimator\Examples\Example_trackUS\Data\model.osim
Loaded model gait2392_simbody_3DOF_MD_scaled from file C:\Users\u0113530\Documents\MuscleTendonEstimator\Examples\Example_trackUS\Data\model.osim
AbstractTool trial_1_IK loading model 'C:\Users\u0113530\Documents\MuscleTendonEstimator\Examples\Example_trackUS\Data\model.osim'
Loaded model gait2392_simbody_3DOF_MD_scaled from file C:\Users\u0113530\Documents\MuscleTendonEstimator\Examples\Example_trackUS\Data\model.osim
No external loads will be applied (external loads file not specified).

Loading coordinates from file C:\Users\u0113530\Documents\MuscleTendonEstimator\Examples\Example_trackUS\Data\trial_1_IK.mot.
Old version storage/motion file encountered
Storage: file=C:\Users\u0113530\Documents\MuscleTendonEstimator\Examples\Example_trackUS\Data\trial_1_IK.mot (nr=121 nc=42)
.. assuming rotations in Degrees.
Coordinate.setValue: WARN- coordinate pro_sup_r is locked. Unable to change its value.
Coordinate.setValue: WARN- coordinate pro_sup_l is locked. Unable to change its value.
Found 121 state vectors with time stamps ranging from 2.39 to 3.59.
Executing the analyses from 2.39 to 3.59...
Printing results of investigation trial_1_IK to C:\Users\u0113530\Documents\MuscleTendonEstimator\Examples\Example_trackUS\Results\MuscleAnalysis.
Loaded model gait2392_simbody_3DOF_MD_scaled from file C:\Users\u0113530\Documents\MuscleTendonEstimator\Examples\Example_trackUS\Data\model.osim
AbstractTool trial_1_IK loading model 'C:\Users\u0113530\Documents\MuscleTendonEstimator\Examples\Example_trackUS\Data\model.osim'
Loaded model gait2392_simbody_3DOF_MD_scaled from file C:\Users\u0113530\Documents\MuscleTendonEstimator\Examples\Example_trackUS\Data\model.osim
No external loads will be applied (external loads file not specified).

Loading coordinates from file C:\Users\u0113530\Documents\MuscleTendonEstimator\Examples\Example_trackUS\Data\trial_1_IK.mot.
Old version storage/motion file encountered
Storage: file=C:\Users\u0113530\Documents\MuscleTendonEstimator\Examples\Example_trackUS\Data\trial_1_IK.mot (nr=121 nc=42)
.. assuming rotations in Degrees.
Coordinate.setValue: WARN- coordinate pro_sup_r is locked. Unable to change its value.
Coordinate.setValue: WARN- coordinate pro_sup_l is locked. Unable to change its value.
Found 121 state vectors with time stamps ranging from 2.39 to 3.59.
Executing the analyses from 2.39 to 3.59...
Printing results of investigation trial_1_IK to C:\Users\u0113530\Documents\MuscleTendonEstimator\Examples\Example_trackUS\Results\MuscleAnalysis.
Loaded model gait2392_simbody_3DOF_MD_scaled from file C:\Users\u0113530\Documents\MuscleTendonEstimator\Examples\Example_trackUS\Data\model.osim
AbstractTool trial_1_IK loading model 'C:\Users\u0113530\Documents\MuscleTendonEstimator\Examples\Example_trackUS\Data\model.osim'
Loaded model gait2392_simbody_3DOF_MD_scaled from file C:\Users\u0113530\Documents\MuscleTendonEstimator\Examples\Example_trackUS\Data\model.osim
No external loads will be applied (external loads file not specified).

Loading coordinates from file C:\Users\u0113530\Documents\MuscleTendonEstimator\Examples\Example_trackUS\Data\trial_1_IK.mot.
Old version storage/motion file encountered
Storage: file=C:\Users\u0113530\Documents\MuscleTendonEstimator\Examples\Example_trackUS\Data\trial_1_IK.mot (nr=121 nc=42)
.. assuming rotations in Degrees.
Coordinate.setValue: WARN- coordinate pro_sup_r is locked. Unable to change its value.
Coordinate.setValue: WARN- coordinate pro_sup_l is locked. Unable to change its value.
Found 121 state vectors with time stamps ranging from 2.39 to 3.59.
Executing the analyses from 2.39 to 3.59...
Printing results of investigation trial_1_IK to C:\Users\u0113530\Documents\MuscleTendonEstimator\Examples\Example_trackUS\Results\MuscleAnalysis.
Loaded model gait2392_simbody_3DOF_MD_scaled from file C:\Users\u0113530\Documents\MuscleTendonEstimator\Examples\Example_trackUS\Data\model.osim
AbstractTool trial_1_IK loading model 'C:\Users\u0113530\Documents\MuscleTendonEstimator\Examples\Example_trackUS\Data\model.osim'
Loaded model gait2392_simbody_3DOF_MD_scaled from file C:\Users\u0113530\Documents\MuscleTendonEstimator\Examples\Example_trackUS\Data\model.osim
No external loads will be applied (external loads file not specified).

Loading coordinates from file C:\Users\u0113530\Documents\MuscleTendonEstimator\Examples\Example_trackUS\Data\trial_1_IK.mot.
Old version storage/motion file encountered
Storage: file=C:\Users\u0113530\Documents\MuscleTendonEstimator\Examples\Example_trackUS\Data\trial_1_IK.mot (nr=121 nc=42)
.. assuming rotations in Degrees.
Coordinate.setValue: WARN- coordinate pro_sup_r is locked. Unable to change its value.
Coordinate.setValue: WARN- coordinate pro_sup_l is locked. Unable to change its value.
Found 121 state vectors with time stamps ranging from 2.39 to 3.59.
Executing the analyses from 2.39 to 3.59...
Printing results of investigation trial_1_IK to C:\Users\u0113530\Documents\MuscleTendonEstimator\Examples\Example_trackUS\Results\MuscleAnalysis.
Loaded model gait2392_simbody_3DOF_MD_scaled from file C:\Users\u0113530\Documents\MuscleTendonEstimator\Examples\Example_trackUS\Data\model.osim
Loaded model gait2392_simbody_3DOF_MD_scaled from file C:\Users\u0113530\Documents\MuscleTendonEstimator\Examples\Example_trackUS\Data\model.osim
AbstractTool trial_1_IK loading model 'C:\Users\u0113530\Documents\MuscleTendonEstimator\Examples\Example_trackUS\Data\model.osim'
Loaded model gait2392_simbody_3DOF_MD_scaled from file C:\Users\u0113530\Documents\MuscleTendonEstimator\Examples\Example_trackUS\Data\model.osim
No external loads will be applied (external loads file not specified).

Loading coordinates from file C:\Users\u0113530\Documents\MuscleTendonEstimator\Examples\Example_trackUS\Data\trial_1_IK.mot.
Old version storage/motion file encountered
Storage: file=C:\Users\u0113530\Documents\MuscleTendonEstimator\Examples\Example_trackUS\Data\trial_1_IK.mot (nr=121 nc=42)
.. assuming rotations in Degrees.
Coordinate.setValue: WARN- coordinate pro_sup_r is locked. Unable to change its value.
Coordinate.setValue: WARN- coordinate pro_sup_l is locked. Unable to change its value.
Found 121 state vectors with time stamps ranging from 2.39 to 3.59.
Executing the analyses from 2.39 to 3.59...
Printing results of investigation trial_1_IK to C:\Users\u0113530\Documents\MuscleTendonEstimator\Examples\Example_trackUS\Results\MuscleAnalysis.
Loaded model gait2392_simbody_3DOF_MD_scaled from file C:\Users\u0113530\Documents\MuscleTendonEstimator\Examples\Example_trackUS\Data\model.osim
Loaded model gait2392_simbody_3DOF_MD_scaled from file C:\Users\u0113530\Documents\MuscleTendonEstimator\Examples\Example_trackUS\Data\model.osim
AbstractTool trial_1_IK loading model 'C:\Users\u0113530\Documents\MuscleTendonEstimator\Examples\Example_trackUS\Data\model.osim'
Loaded model gait2392_simbody_3DOF_MD_scaled from file C:\Users\u0113530\Documents\MuscleTendonEstimator\Examples\Example_trackUS\Data\model.osim
No external loads will be applied (external loads file not specified).

Loading coordinates from file C:\Users\u0113530\Documents\MuscleTendonEstimator\Examples\Example_trackUS\Data\trial_1_IK.mot.
Old version storage/motion file encountered
Storage: file=C:\Users\u0113530\Documents\MuscleTendonEstimator\Examples\Example_trackUS\Data\trial_1_IK.mot (nr=121 nc=42)
.. assuming rotations in Degrees.
Coordinate.setValue: WARN- coordinate pro_sup_r is locked. Unable to change its value.
Coordinate.setValue: WARN- coordinate pro_sup_l is locked. Unable to change its value.
Found 121 state vectors with time stamps ranging from 2.39 to 3.59.
Executing the analyses from 2.39 to 3.59...
Printing results of investigation trial_1_IK to C:\Users\u0113530\Documents\MuscleTendonEstimator\Examples\Example_trackUS\Results\MuscleAnalysis.
Loaded model gait2392_simbody_3DOF_MD_scaled from file C:\Users\u0113530\Documents\MuscleTendonEstimator\Examples\Example_trackUS\Data\model.osim
Loaded model gait2392_simbody_3DOF_MD_scaled from file C:\Users\u0113530\Documents\MuscleTendonEstimator\Examples\Example_trackUS\Data\model.osim
AbstractTool trial_1_IK loading model 'C:\Users\u0113530\Documents\MuscleTendonEstimator\Examples\Example_trackUS\Data\model.osim'
Loaded model gait2392_simbody_3DOF_MD_scaled from file C:\Users\u0113530\Documents\MuscleTendonEstimator\Examples\Example_trackUS\Data\model.osim
No external loads will be applied (external loads file not specified).

Loading coordinates from file C:\Users\u0113530\Documents\MuscleTendonEstimator\Examples\Example_trackUS\Data\trial_1_IK.mot.
Old version storage/motion file encountered
Storage: file=C:\Users\u0113530\Documents\MuscleTendonEstimator\Examples\Example_trackUS\Data\trial_1_IK.mot (nr=121 nc=42)
.. assuming rotations in Degrees.
Coordinate.setValue: WARN- coordinate pro_sup_r is locked. Unable to change its value.
Coordinate.setValue: WARN- coordinate pro_sup_l is locked. Unable to change its value.
Found 121 state vectors with time stamps ranging from 2.39 to 3.59.
Executing the analyses from 2.39 to 3.59...
Printing results of investigation trial_1_IK to C:\Users\u0113530\Documents\MuscleTendonEstimator\Examples\Example_trackUS\Results\MuscleAnalysis.
Loaded model gait2392_simbody_3DOF_MD_scaled from file C:\Users\u0113530\Documents\MuscleTendonEstimator\Examples\Example_trackUS\Data\model.osim
Loaded model gait2392_simbody_3DOF_MD_scaled from file C:\Users\u0113530\Documents\MuscleTendonEstimator\Examples\Example_trackUS\Data\model.osim
AbstractTool trial_1_IK loading model 'C:\Users\u0113530\Documents\MuscleTendonEstimator\Examples\Example_trackUS\Data\model.osim'
Loaded model gait2392_simbody_3DOF_MD_scaled from file C:\Users\u0113530\Documents\MuscleTendonEstimator\Examples\Example_trackUS\Data\model.osim
No external loads will be applied (external loads file not specified).

Loading coordinates from file C:\Users\u0113530\Documents\MuscleTendonEstimator\Examples\Example_trackUS\Data\trial_1_IK.mot.
Old version storage/motion file encountered
Storage: file=C:\Users\u0113530\Documents\MuscleTendonEstimator\Examples\Example_trackUS\Data\trial_1_IK.mot (nr=121 nc=42)
.. assuming rotations in Degrees.
Coordinate.setValue: WARN- coordinate pro_sup_r is locked. Unable to change its value.
Coordinate.setValue: WARN- coordinate pro_sup_l is locked. Unable to change its value.
Found 121 state vectors with time stamps ranging from 2.39 to 3.59.
Executing the analyses from 2.39 to 3.59...
Printing results of investigation trial_1_IK to C:\Users\u0113530\Documents\MuscleTendonEstimator\Examples\Example_trackUS\Results\MuscleAnalysis.
Loaded model gait2392_simbody_3DOF_MD_scaled from file C:\Users\u0113530\Documents\MuscleTendonEstimator\Examples\Example_trackUS\Data\model.osim
Loaded model gait2392_simbody_3DOF_MD_scaled from file C:\Users\u0113530\Documents\MuscleTendonEstimator\Examples\Example_trackUS\Data\model.osim
AbstractTool trial_1_IK loading model 'C:\Users\u0113530\Documents\MuscleTendonEstimator\Examples\Example_trackUS\Data\model.osim'
Loaded model gait2392_simbody_3DOF_MD_scaled from file C:\Users\u0113530\Documents\MuscleTendonEstimator\Examples\Example_trackUS\Data\model.osim
No external loads will be applied (external loads file not specified).

Loading coordinates from file C:\Users\u0113530\Documents\MuscleTendonEstimator\Examples\Example_trackUS\Data\trial_1_IK.mot.
Old version storage/motion file encountered
Storage: file=C:\Users\u0113530\Documents\MuscleTendonEstimator\Examples\Example_trackUS\Data\trial_1_IK.mot (nr=121 nc=42)
.. assuming rotations in Degrees.
Coordinate.setValue: WARN- coordinate pro_sup_r is locked. Unable to change its value.
Coordinate.setValue: WARN- coordinate pro_sup_l is locked. Unable to change its value.
Found 121 state vectors with time stamps ranging from 2.39 to 3.59.
Executing the analyses from 2.39 to 3.59...
Printing results of investigation trial_1_IK to C:\Users\u0113530\Documents\MuscleTendonEstimator\Examples\Example_trackUS\Results\MuscleAnalysis.
Loaded model gait2392_simbody_3DOF_MD_scaled from file C:\Users\u0113530\Documents\MuscleTendonEstimator\Examples\Example_trackUS\Data\model.osim
Loaded model gait2392_simbody_3DOF_MD_scaled from file C:\Users\u0113530\Documents\MuscleTendonEstimator\Examples\Example_trackUS\Data\model.osim
AbstractTool trial_1_IK loading model 'C:\Users\u0113530\Documents\MuscleTendonEstimator\Examples\Example_trackUS\Data\model.osim'
Loaded model gait2392_simbody_3DOF_MD_scaled from file C:\Users\u0113530\Documents\MuscleTendonEstimator\Examples\Example_trackUS\Data\model.osim
No external loads will be applied (external loads file not specified).

Loading coordinates from file C:\Users\u0113530\Documents\MuscleTendonEstimator\Examples\Example_trackUS\Data\trial_1_IK.mot.
Old version storage/motion file encountered
Storage: file=C:\Users\u0113530\Documents\MuscleTendonEstimator\Examples\Example_trackUS\Data\trial_1_IK.mot (nr=121 nc=42)
.. assuming rotations in Degrees.
Coordinate.setValue: WARN- coordinate pro_sup_r is locked. Unable to change its value.
Coordinate.setValue: WARN- coordinate pro_sup_l is locked. Unable to change its value.
Found 121 state vectors with time stamps ranging from 2.39 to 3.59.
Executing the analyses from 2.39 to 3.59...
Printing results of investigation trial_1_IK to C:\Users\u0113530\Documents\MuscleTendonEstimator\Examples\Example_trackUS\Results\MuscleAnalysis.
Loaded model gait2392_simbody_3DOF_MD_scaled from file C:\Users\u0113530\Documents\MuscleTendonEstimator\Examples\Example_trackUS\Data\model.osim
Loaded model subject1 from file C:\Users\u0113530\Documents\MuscleTendonEstimator\Examples\Walking_DeGrooteetal2016\WalkingData\subject1.osim
AbstractTool Walking_IK loading model 'C:\Users\u0113530\Documents\MuscleTendonEstimator\Examples\Walking_DeGrooteetal2016\WalkingData\subject1.osim'
Loaded model subject1 from file C:\Users\u0113530\Documents\MuscleTendonEstimator\Examples\Walking_DeGrooteetal2016\WalkingData\subject1.osim
No external loads will be applied (external loads file not specified).

Loading coordinates from file C:\Users\u0113530\Documents\MuscleTendonEstimator\Examples\Walking_DeGrooteetal2016\WalkingData\Walking_IK.mot.
Storage: file=C:\Users\u0113530\Documents\MuscleTendonEstimator\Examples\Walking_DeGrooteetal2016\WalkingData\Walking_IK.mot (nr=121 nc=24)
Found 121 state vectors with time stamps ranging from 0.5 to 2.5.
Executing the analyses from 0.5 to 2.5...
Printing results of investigation Walking_IK to C:\Users\u0113530\Documents\MuscleTendonEstimator\Examples\Walking_DeGrooteetal2016\Results\MuscleAnalysis.
Loaded model subject1 from file C:\Users\u0113530\Documents\MuscleTendonEstimator\Examples\Walking_DeGrooteetal2016\WalkingData\subject1.osim
AbstractTool Walking_IK loading model 'C:\Users\u0113530\Documents\MuscleTendonEstimator\Examples\Walking_DeGrooteetal2016\WalkingData\subject1.osim'
Loaded model subject1 from file C:\Users\u0113530\Documents\MuscleTendonEstimator\Examples\Walking_DeGrooteetal2016\WalkingData\subject1.osim
No external loads will be applied (external loads file not specified).

Loading coordinates from file C:\Users\u0113530\Documents\MuscleTendonEstimator\Examples\Walking_DeGrooteetal2016\WalkingData\Walking_IK.mot.
Storage: file=C:\Users\u0113530\Documents\MuscleTendonEstimator\Examples\Walking_DeGrooteetal2016\WalkingData\Walking_IK.mot (nr=121 nc=24)
Found 121 state vectors with time stamps ranging from 0.5 to 2.5.
Executing the analyses from 0.5 to 2.5...
Printing results of investigation Walking_IK to C:\Users\u0113530\Documents\MuscleTendonEstimator\Examples\Walking_DeGrooteetal2016\Results\MuscleAnalysis.
Loaded model subject1 from file C:\Users\u0113530\Documents\MuscleTendonEstimator\Examples\Walking_DeGrooteetal2016\WalkingData\subject1.osim
AbstractTool Walking_IK loading model 'C:\Users\u0113530\Documents\MuscleTendonEstimator\Examples\Walking_DeGrooteetal2016\WalkingData\subject1.osim'
Loaded model subject1 from file C:\Users\u0113530\Documents\MuscleTendonEstimator\Examples\Walking_DeGrooteetal2016\WalkingData\subject1.osim
No external loads will be applied (external loads file not specified).

Loading coordinates from file C:\Users\u0113530\Documents\MuscleTendonEstimator\Examples\Walking_DeGrooteetal2016\WalkingData\Walking_IK.mot.
Storage: file=C:\Users\u0113530\Documents\MuscleTendonEstimator\Examples\Walking_DeGrooteetal2016\WalkingData\Walking_IK.mot (nr=121 nc=24)
Found 121 state vectors with time stamps ranging from 0.5 to 2.5.
Executing the analyses from 0.5 to 2.5...
Printing results of investigation Walking_IK to C:\Users\u0113530\Documents\MuscleTendonEstimator\Examples\Walking_DeGrooteetal2016\Results\MuscleAnalysis.
Loaded model subject1 from file C:\Users\u0113530\Documents\MuscleTendonEstimator\Examples\Walking_DeGrooteetal2016\WalkingData\subject1.osim
AbstractTool Walking_IK loading model 'C:\Users\u0113530\Documents\MuscleTendonEstimator\Examples\Walking_DeGrooteetal2016\WalkingData\subject1.osim'
Loaded model subject1 from file C:\Users\u0113530\Documents\MuscleTendonEstimator\Examples\Walking_DeGrooteetal2016\WalkingData\subject1.osim
No external loads will be applied (external loads file not specified).

Loading coordinates from file C:\Users\u0113530\Documents\MuscleTendonEstimator\Examples\Walking_DeGrooteetal2016\WalkingData\Walking_IK.mot.
Storage: file=C:\Users\u0113530\Documents\MuscleTendonEstimator\Examples\Walking_DeGrooteetal2016\WalkingData\Walking_IK.mot (nr=121 nc=24)
Found 121 state vectors with time stamps ranging from 0.5 to 2.5.
Executing the analyses from 0.5 to 2.5...
Printing results of investigation Walking_IK to C:\Users\u0113530\Documents\MuscleTendonEstimator\Examples\Walking_DeGrooteetal2016\Results\MuscleAnalysis.
Loaded model subject1 from file C:\Users\u0113530\Documents\MuscleTendonEstimator\Examples\Walking_DeGrooteetal2016\WalkingData\subject1.osim
AbstractTool Walking_IK loading model 'C:\Users\u0113530\Documents\MuscleTendonEstimator\Examples\Walking_DeGrooteetal2016\WalkingData\subject1.osim'
Loaded model subject1 from file C:\Users\u0113530\Documents\MuscleTendonEstimator\Examples\Walking_DeGrooteetal2016\WalkingData\subject1.osim
No external loads will be applied (external loads file not specified).

Loading coordinates from file C:\Users\u0113530\Documents\MuscleTendonEstimator\Examples\Walking_DeGrooteetal2016\WalkingData\Walking_IK.mot.
Storage: file=C:\Users\u0113530\Documents\MuscleTendonEstimator\Examples\Walking_DeGrooteetal2016\WalkingData\Walking_IK.mot (nr=121 nc=24)
Found 121 state vectors with time stamps ranging from 0.5 to 2.5.
Executing the analyses from 0.5 to 2.5...
Printing results of investigation Walking_IK to C:\Users\u0113530\Documents\MuscleTendonEstimator\Examples\Walking_DeGrooteetal2016\Results\MuscleAnalysis.
Loaded model subject1 from file C:\Users\u0113530\Documents\MuscleTendonEstimator\Examples\Walking_DeGrooteetal2016\WalkingData\subject1.osim
Loaded model subject1 from file C:\Users\u0113530\Documents\MuscleTendonEstimator\Examples\Walking_DeGrooteetal2016\WalkingData\subject1.osim
AbstractTool Walking_IK loading model 'C:\Users\u0113530\Documents\MuscleTendonEstimator\Examples\Walking_DeGrooteetal2016\WalkingData\subject1.osim'
Loaded model subject1 from file C:\Users\u0113530\Documents\MuscleTendonEstimator\Examples\Walking_DeGrooteetal2016\WalkingData\subject1.osim
No external loads will be applied (external loads file not specified).

Loading coordinates from file C:\Users\u0113530\Documents\MuscleTendonEstimator\Examples\Walking_DeGrooteetal2016\WalkingData\Walking_IK.mot.
Storage: file=C:\Users\u0113530\Documents\MuscleTendonEstimator\Examples\Walking_DeGrooteetal2016\WalkingData\Walking_IK.mot (nr=121 nc=24)
Found 121 state vectors with time stamps ranging from 0.5 to 2.5.
Executing the analyses from 0.5 to 2.5...
Printing results of investigation Walking_IK to C:\Users\u0113530\Documents\MuscleTendonEstimator\Examples\Walking_DeGrooteetal2016\Results\MuscleAnalysis.
Loaded model subject1 from file C:\Users\u0113530\Documents\MuscleTendonEstimator\Examples\Walking_DeGrooteetal2016\WalkingData\subject1.osim
Loaded model subject1 from file C:\Users\u0113530\Documents\MuscleTendonEstimator\Examples\Walking_DeGrooteetal2016\WalkingData\subject1.osim
AbstractTool Walking_IK loading model 'C:\Users\u0113530\Documents\MuscleTendonEstimator\Examples\Walking_DeGrooteetal2016\WalkingData\subject1.osim'
Loaded model subject1 from file C:\Users\u0113530\Documents\MuscleTendonEstimator\Examples\Walking_DeGrooteetal2016\WalkingData\subject1.osim
No external loads will be applied (external loads file not specified).

Loading coordinates from file C:\Users\u0113530\Documents\MuscleTendonEstimator\Examples\Walking_DeGrooteetal2016\WalkingData\Walking_IK.mot.
Storage: file=C:\Users\u0113530\Documents\MuscleTendonEstimator\Examples\Walking_DeGrooteetal2016\WalkingData\Walking_IK.mot (nr=121 nc=24)
Found 121 state vectors with time stamps ranging from 0.5 to 2.5.
Executing the analyses from 0.5 to 2.5...
Printing results of investigation Walking_IK to C:\Users\u0113530\Documents\MuscleTendonEstimator\Examples\Walking_DeGrooteetal2016\Results\MuscleAnalysis.
Loaded model subject1 from file C:\Users\u0113530\Documents\MuscleTendonEstimator\Examples\Walking_DeGrooteetal2016\WalkingData\subject1.osim
Loaded model subject1 from file C:\Users\u0113530\Documents\MuscleTendonEstimator\Examples\Walking_DeGrooteetal2016\WalkingData\subject1.osim
AbstractTool Walking_IK loading model 'C:\Users\u0113530\Documents\MuscleTendonEstimator\Examples\Walking_DeGrooteetal2016\WalkingData\subject1.osim'
Loaded model subject1 from file C:\Users\u0113530\Documents\MuscleTendonEstimator\Examples\Walking_DeGrooteetal2016\WalkingData\subject1.osim
No external loads will be applied (external loads file not specified).

Loading coordinates from file C:\Users\u0113530\Documents\MuscleTendonEstimator\Examples\Walking_DeGrooteetal2016\WalkingData\Walking_IK.mot.
Storage: file=C:\Users\u0113530\Documents\MuscleTendonEstimator\Examples\Walking_DeGrooteetal2016\WalkingData\Walking_IK.mot (nr=121 nc=24)
Found 121 state vectors with time stamps ranging from 0.5 to 2.5.
Executing the analyses from 0.5 to 2.5...
Printing results of investigation Walking_IK to C:\Users\u0113530\Documents\MuscleTendonEstimator\Examples\Walking_DeGrooteetal2016\Results\MuscleAnalysis.
Loaded model subject1 from file C:\Users\u0113530\Documents\MuscleTendonEstimator\Examples\Walking_DeGrooteetal2016\WalkingData\subject1.osim
Loaded model subject1 from file C:\Users\u0113530\Documents\MuscleTendonEstimator\Examples\Walking_DeGrooteetal2016\WalkingData\subject1.osim
AbstractTool Walking_IK loading model 'C:\Users\u0113530\Documents\MuscleTendonEstimator\Examples\Walking_DeGrooteetal2016\WalkingData\subject1.osim'
Loaded model subject1 from file C:\Users\u0113530\Documents\MuscleTendonEstimator\Examples\Walking_DeGrooteetal2016\WalkingData\subject1.osim
No external loads will be applied (external loads file not specified).

Loading coordinates from file C:\Users\u0113530\Documents\MuscleTendonEstimator\Examples\Walking_DeGrooteetal2016\WalkingData\Walking_IK.mot.
Storage: file=C:\Users\u0113530\Documents\MuscleTendonEstimator\Examples\Walking_DeGrooteetal2016\WalkingData\Walking_IK.mot (nr=121 nc=24)
Found 121 state vectors with time stamps ranging from 0.5 to 2.5.
Executing the analyses from 0.5 to 2.5...
Printing results of investigation Walking_IK to C:\Users\u0113530\Documents\MuscleTendonEstimator\Examples\Walking_DeGrooteetal2016\Results\MuscleAnalysis.
Loaded model subject1 from file C:\Users\u0113530\Documents\MuscleTendonEstimator\Examples\Walking_DeGrooteetal2016\WalkingData\subject1.osim
Loaded model subject1 from file C:\Users\u0113530\Documents\MuscleTendonEstimator\Examples\Walking_DeGrooteetal2016\WalkingData\subject1.osim
AbstractTool Walking_IK loading model 'C:\Users\u0113530\Documents\MuscleTendonEstimator\Examples\Walking_DeGrooteetal2016\WalkingData\subject1.osim'
Loaded model subject1 from file C:\Users\u0113530\Documents\MuscleTendonEstimator\Examples\Walking_DeGrooteetal2016\WalkingData\subject1.osim
No external loads will be applied (external loads file not specified).

Loading coordinates from file C:\Users\u0113530\Documents\MuscleTendonEstimator\Examples\Walking_DeGrooteetal2016\WalkingData\Walking_IK.mot.
Storage: file=C:\Users\u0113530\Documents\MuscleTendonEstimator\Examples\Walking_DeGrooteetal2016\WalkingData\Walking_IK.mot (nr=121 nc=24)
Found 121 state vectors with time stamps ranging from 0.5 to 2.5.
Executing the analyses from 0.5 to 2.5...
Printing results of investigation Walking_IK to C:\Users\u0113530\Documents\MuscleTendonEstimator\Examples\Walking_DeGrooteetal2016\Results\MuscleAnalysis.
Loaded model subject1 from file C:\Users\u0113530\Documents\MuscleTendonEstimator\Examples\Walking_DeGrooteetal2016\WalkingData\subject1.osim
Loaded model subject1 from file C:\Users\u0113530\Documents\MuscleTendonEstimator\Examples\Walking_DeGrooteetal2016\WalkingData\subject1.osim
AbstractTool Walking_IK loading model 'C:\Users\u0113530\Documents\MuscleTendonEstimator\Examples\Walking_DeGrooteetal2016\WalkingData\subject1.osim'
Loaded model subject1 from file C:\Users\u0113530\Documents\MuscleTendonEstimator\Examples\Walking_DeGrooteetal2016\WalkingData\subject1.osim
No external loads will be applied (external loads file not specified).

Loading coordinates from file C:\Users\u0113530\Documents\MuscleTendonEstimator\Examples\Walking_DeGrooteetal2016\WalkingData\Walking_IK.mot.
Storage: file=C:\Users\u0113530\Documents\MuscleTendonEstimator\Examples\Walking_DeGrooteetal2016\WalkingData\Walking_IK.mot (nr=121 nc=24)
Found 121 state vectors with time stamps ranging from 0.5 to 2.5.
Executing the analyses from 0.5 to 2.5...
Printing results of investigation Walking_IK to C:\Users\u0113530\Documents\MuscleTendonEstimator\Examples\Walking_DeGrooteetal2016\Results\MuscleAnalysis.
Loaded model subject1 from file C:\Users\u0113530\Documents\MuscleTendonEstimator\Examples\Walking_DeGrooteetal2016\WalkingData\subject1.osim
Loaded model subject1 from file C:\Users\u0113530\Documents\MuscleTendonEstimator\Examples\Walking_DeGrooteetal2016\WalkingData\subject1.osim
AbstractTool Walking_IK loading model 'C:\Users\u0113530\Documents\MuscleTendonEstimator\Examples\Walking_DeGrooteetal2016\WalkingData\subject1.osim'
Loaded model subject1 from file C:\Users\u0113530\Documents\MuscleTendonEstimator\Examples\Walking_DeGrooteetal2016\WalkingData\subject1.osim
No external loads will be applied (external loads file not specified).

Loading coordinates from file C:\Users\u0113530\Documents\MuscleTendonEstimator\Examples\Walking_DeGrooteetal2016\WalkingData\Walking_IK.mot.
Storage: file=C:\Users\u0113530\Documents\MuscleTendonEstimator\Examples\Walking_DeGrooteetal2016\WalkingData\Walking_IK.mot (nr=121 nc=24)
Found 121 state vectors with time stamps ranging from 0.5 to 2.5.
Executing the analyses from 0.5 to 2.5...
Printing results of investigation Walking_IK to C:\Users\u0113530\Documents\MuscleTendonEstimator\Examples\Walking_DeGrooteetal2016\Results\MuscleAnalysis.
Loaded model subject1 from file C:\Users\u0113530\Documents\MuscleTendonEstimator\Examples\Walking_DeGrooteetal2016\WalkingData\subject1.osim
Loaded model subject1 from file C:\Users\u0113530\Documents\MuscleTendonEstimator\Examples\Walking_DeGrooteetal2016\WalkingData\subject1.osim
AbstractTool Walking_IK loading model 'C:\Users\u0113530\Documents\MuscleTendonEstimator\Examples\Walking_DeGrooteetal2016\WalkingData\subject1.osim'
Loaded model subject1 from file C:\Users\u0113530\Documents\MuscleTendonEstimator\Examples\Walking_DeGrooteetal2016\WalkingData\subject1.osim
No external loads will be applied (external loads file not specified).

Loading coordinates from file C:\Users\u0113530\Documents\MuscleTendonEstimator\Examples\Walking_DeGrooteetal2016\WalkingData\Walking_IK.mot.
Storage: file=C:\Users\u0113530\Documents\MuscleTendonEstimator\Examples\Walking_DeGrooteetal2016\WalkingData\Walking_IK.mot (nr=121 nc=24)
Found 121 state vectors with time stamps ranging from 0.5 to 2.5.
Executing the analyses from 0.5 to 2.5...
Printing results of investigation Walking_IK to C:\Users\u0113530\Documents\MuscleTendonEstimator\Examples\Walking_DeGrooteetal2016\Results\MuscleAnalysis.
Loaded model subject1 from file C:\Users\u0113530\Documents\MuscleTendonEstimator\Examples\Walking_DeGrooteetal2016\WalkingData\subject1.osim
Loaded model subject1 from file C:\Users\u0113530\Documents\MuscleTendonEstimator\Examples\Walking_DeGrooteetal2016\WalkingData\subject1.osim
AbstractTool Walking_IK loading model 'C:\Users\u0113530\Documents\MuscleTendonEstimator\Examples\Walking_DeGrooteetal2016\WalkingData\subject1.osim'
Loaded model subject1 from file C:\Users\u0113530\Documents\MuscleTendonEstimator\Examples\Walking_DeGrooteetal2016\WalkingData\subject1.osim
No external loads will be applied (external loads file not specified).

Loading coordinates from file C:\Users\u0113530\Documents\MuscleTendonEstimator\Examples\Walking_DeGrooteetal2016\WalkingData\Walking_IK.mot.
Storage: file=C:\Users\u0113530\Documents\MuscleTendonEstimator\Examples\Walking_DeGrooteetal2016\WalkingData\Walking_IK.mot (nr=121 nc=24)
Found 121 state vectors with time stamps ranging from 0.5 to 2.5.
Executing the analyses from 0.5 to 2.5...
Printing results of investigation Walking_IK to C:\Users\u0113530\Documents\MuscleTendonEstimator\Examples\Walking_DeGrooteetal2016\Results\MuscleAnalysis.
Loaded model subject1 from file C:\Users\u0113530\Documents\MuscleTendonEstimator\Examples\Walking_DeGrooteetal2016\WalkingData\subject1.osim
Loaded model subject1 from file C:\Users\u0113530\Documents\MuscleTendonEstimator\Examples\Walking_DeGrooteetal2016\WalkingData\subject1.osim
AbstractTool Walking_IK loading model 'C:\Users\u0113530\Documents\MuscleTendonEstimator\Examples\Walking_DeGrooteetal2016\WalkingData\subject1.osim'
Loaded model subject1 from file C:\Users\u0113530\Documents\MuscleTendonEstimator\Examples\Walking_DeGrooteetal2016\WalkingData\subject1.osim
No external loads will be applied (external loads file not specified).

Loading coordinates from file C:\Users\u0113530\Documents\MuscleTendonEstimator\Examples\Walking_DeGrooteetal2016\WalkingData\Walking_IK.mot.
Storage: file=C:\Users\u0113530\Documents\MuscleTendonEstimator\Examples\Walking_DeGrooteetal2016\WalkingData\Walking_IK.mot (nr=121 nc=24)
Found 121 state vectors with time stamps ranging from 0.5 to 2.5.
Executing the analyses from 0.5 to 2.5...
Printing results of investigation Walking_IK to C:\Users\u0113530\Documents\MuscleTendonEstimator\Examples\Walking_DeGrooteetal2016\Results\MuscleAnalysis.
Loaded model subject1 from file C:\Users\u0113530\Documents\MuscleTendonEstimator\Examples\Walking_DeGrooteetal2016\WalkingData\subject1.osim
Loaded model gait2392_simbody_3DOF_MD_scaled from file C:\Users\u0113530\Documents\MuscleTendonEstimator\Examples\Example_trackUS\Data\model.osim
AbstractTool trial_1_IK loading model 'C:\Users\u0113530\Documents\MuscleTendonEstimator\Examples\Example_trackUS\Data\model.osim'
Loaded model gait2392_simbody_3DOF_MD_scaled from file C:\Users\u0113530\Documents\MuscleTendonEstimator\Examples\Example_trackUS\Data\model.osim
No external loads will be applied (external loads file not specified).

Loading coordinates from file C:\Users\u0113530\Documents\MuscleTendonEstimator\Examples\Example_trackUS\Data\trial_1_IK.mot.
Old version storage/motion file encountered
Storage: file=C:\Users\u0113530\Documents\MuscleTendonEstimator\Examples\Example_trackUS\Data\trial_1_IK.mot (nr=121 nc=42)
.. assuming rotations in Degrees.
Coordinate.setValue: WARN- coordinate pro_sup_r is locked. Unable to change its value.
Coordinate.setValue: WARN- coordinate pro_sup_l is locked. Unable to change its value.
Found 121 state vectors with time stamps ranging from 2.39 to 3.59.
Executing the analyses from 2.39 to 3.59...
Printing results of investigation trial_1_IK to C:\Users\u0113530\Documents\MuscleTendonEstimator\Examples\Example_trackUS\Results\MuscleAnalysis.
Loaded model gait2392_simbody_3DOF_MD_scaled from file C:\Users\u0113530\Documents\MuscleTendonEstimator\Examples\Example_trackUS\Data\model.osim
Loaded model gait2392_simbody_3DOF_MD_scaled from file C:\Users\u0113530\Documents\MuscleTendonEstimator\Examples\Example_trackUS\Data\model.osim
AbstractTool trial_1_IK loading model 'C:\Users\u0113530\Documents\MuscleTendonEstimator\Examples\Example_trackUS\Data\model.osim'
Loaded model gait2392_simbody_3DOF_MD_scaled from file C:\Users\u0113530\Documents\MuscleTendonEstimator\Examples\Example_trackUS\Data\model.osim
No external loads will be applied (external loads file not specified).

Loading coordinates from file C:\Users\u0113530\Documents\MuscleTendonEstimator\Examples\Example_trackUS\Data\trial_1_IK.mot.
Old version storage/motion file encountered
Storage: file=C:\Users\u0113530\Documents\MuscleTendonEstimator\Examples\Example_trackUS\Data\trial_1_IK.mot (nr=121 nc=42)
.. assuming rotations in Degrees.
Coordinate.setValue: WARN- coordinate pro_sup_r is locked. Unable to change its value.
Coordinate.setValue: WARN- coordinate pro_sup_l is locked. Unable to change its value.
Found 121 state vectors with time stamps ranging from 2.39 to 3.59.
Executing the analyses from 2.39 to 3.59...
Printing results of investigation trial_1_IK to C:\Users\u0113530\Documents\MuscleTendonEstimator\Examples\Example_trackUS\Results\MuscleAnalysis.
Loaded model gait2392_simbody_3DOF_MD_scaled from file C:\Users\u0113530\Documents\MuscleTendonEstimator\Examples\Example_trackUS\Data\model.osim
Loaded model gait2392_simbody_3DOF_MD_scaled from file C:\Users\u0113530\Documents\MuscleTendonEstimator\Examples\Example_trackUS\Data\model.osim
AbstractTool trial_1_IK loading model 'C:\Users\u0113530\Documents\MuscleTendonEstimator\Examples\Example_trackUS\Data\model.osim'
Loaded model gait2392_simbody_3DOF_MD_scaled from file C:\Users\u0113530\Documents\MuscleTendonEstimator\Examples\Example_trackUS\Data\model.osim
No external loads will be applied (external loads file not specified).

Loading coordinates from file C:\Users\u0113530\Documents\MuscleTendonEstimator\Examples\Example_trackUS\Data\trial_1_IK.mot.
Old version storage/motion file encountered
Storage: file=C:\Users\u0113530\Documents\MuscleTendonEstimator\Examples\Example_trackUS\Data\trial_1_IK.mot (nr=121 nc=42)
.. assuming rotations in Degrees.
Coordinate.setValue: WARN- coordinate pro_sup_r is locked. Unable to change its value.
Coordinate.setValue: WARN- coordinate pro_sup_l is locked. Unable to change its value.
Found 121 state vectors with time stamps ranging from 2.39 to 3.59.
Executing the analyses from 2.39 to 3.59...
Printing results of investigation trial_1_IK to C:\Users\u0113530\Documents\MuscleTendonEstimator\Examples\Example_trackUS\Results\MuscleAnalysis.
Loaded model gait2392_simbody_3DOF_MD_scaled from file C:\Users\u0113530\Documents\MuscleTendonEstimator\Examples\Example_trackUS\Data\model.osim
Loaded model gait2392_simbody_3DOF_MD_scaled from file C:\Users\u0113530\Documents\MuscleTendonEstimator\Examples\Example_trackUS\Data\model.osim
AbstractTool trial_1_IK loading model 'C:\Users\u0113530\Documents\MuscleTendonEstimator\Examples\Example_trackUS\Data\model.osim'
Loaded model gait2392_simbody_3DOF_MD_scaled from file C:\Users\u0113530\Documents\MuscleTendonEstimator\Examples\Example_trackUS\Data\model.osim
No external loads will be applied (external loads file not specified).

Loading coordinates from file C:\Users\u0113530\Documents\MuscleTendonEstimator\Examples\Example_trackUS\Data\trial_1_IK.mot.
Old version storage/motion file encountered
Storage: file=C:\Users\u0113530\Documents\MuscleTendonEstimator\Examples\Example_trackUS\Data\trial_1_IK.mot (nr=121 nc=42)
.. assuming rotations in Degrees.
Coordinate.setValue: WARN- coordinate pro_sup_r is locked. Unable to change its value.
Coordinate.setValue: WARN- coordinate pro_sup_l is locked. Unable to change its value.
Found 121 state vectors with time stamps ranging from 2.39 to 3.59.
Executing the analyses from 2.39 to 3.59...
Printing results of investigation trial_1_IK to C:\Users\u0113530\Documents\MuscleTendonEstimator\Examples\Example_trackUS\Results\MuscleAnalysis.
Loaded model gait2392_simbody_3DOF_MD_scaled from file C:\Users\u0113530\Documents\MuscleTendonEstimator\Examples\Example_trackUS\Data\model.osim
Loaded model gait2392_simbody_3DOF_MD_scaled from file C:\Users\u0113530\Documents\MuscleTendonEstimator\Examples\Example_trackUS\Data\model.osim
AbstractTool trial_1_IK loading model 'C:\Users\u0113530\Documents\MuscleTendonEstimator\Examples\Example_trackUS\Data\model.osim'
Loaded model gait2392_simbody_3DOF_MD_scaled from file C:\Users\u0113530\Documents\MuscleTendonEstimator\Examples\Example_trackUS\Data\model.osim
No external loads will be applied (external loads file not specified).

Loading coordinates from file C:\Users\u0113530\Documents\MuscleTendonEstimator\Examples\Example_trackUS\Data\trial_1_IK.mot.
Old version storage/motion file encountered
Storage: file=C:\Users\u0113530\Documents\MuscleTendonEstimator\Examples\Example_trackUS\Data\trial_1_IK.mot (nr=121 nc=42)
.. assuming rotations in Degrees.
Coordinate.setValue: WARN- coordinate pro_sup_r is locked. Unable to change its value.
Coordinate.setValue: WARN- coordinate pro_sup_l is locked. Unable to change its value.
Found 121 state vectors with time stamps ranging from 2.39 to 3.59.
Executing the analyses from 2.39 to 3.59...
Printing results of investigation trial_1_IK to C:\Users\u0113530\Documents\MuscleTendonEstimator\Examples\Example_trackUS\Results\MuscleAnalysis.
Loaded model gait2392_simbody_3DOF_MD_scaled from file C:\Users\u0113530\Documents\MuscleTendonEstimator\Examples\Example_trackUS\Data\model.osim
Loaded model subject1 from file C:\Users\u0113530\Documents\MuscleTendonEstimator\Examples\Example_trackUS\Data\model.osim
AbstractTool trial_1_IK loading model 'C:\Users\u0113530\Documents\MuscleTendonEstimator\Examples\Example_trackUS\Data\model.osim'
Loaded model subject1 from file C:\Users\u0113530\Documents\MuscleTendonEstimator\Examples\Example_trackUS\Data\model.osim
No external loads will be applied (external loads file not specified).

Loading coordinates from file C:\Users\u0113530\Documents\MuscleTendonEstimator\Examples\Example_trackUS\Data\trial_1_IK.mot.
Old version storage/motion file encountered
Storage: file=C:\Users\u0113530\Documents\MuscleTendonEstimator\Examples\Example_trackUS\Data\trial_1_IK.mot (nr=121 nc=42)
.. assuming rotations in Degrees.
Found 121 state vectors with time stamps ranging from 2.39 to 3.59.
Executing the analyses from 2.39 to 3.59...
Printing results of investigation trial_1_IK to C:\Users\u0113530\Documents\MuscleTendonEstimator\Examples\Example_trackUS\Results\MuscleAnalysis.
Loaded model subject1 from file C:\Users\u0113530\Documents\MuscleTendonEstimator\Examples\Example_trackUS\Data\model.osim
Loaded model subject1 from file C:\Users\u0113530\Documents\MuscleTendonEstimator\Examples\Example_trackUS\Data\model.osim
AbstractTool trial_1_IK loading model 'C:\Users\u0113530\Documents\MuscleTendonEstimator\Examples\Example_trackUS\Data\model.osim'
Loaded model subject1 from file C:\Users\u0113530\Documents\MuscleTendonEstimator\Examples\Example_trackUS\Data\model.osim
No external loads will be applied (external loads file not specified).

Loading coordinates from file C:\Users\u0113530\Documents\MuscleTendonEstimator\Examples\Example_trackUS\Data\trial_1_IK.mot.
Old version storage/motion file encountered
Storage: file=C:\Users\u0113530\Documents\MuscleTendonEstimator\Examples\Example_trackUS\Data\trial_1_IK.mot (nr=121 nc=42)
.. assuming rotations in Degrees.
Found 121 state vectors with time stamps ranging from 2.39 to 3.59.
Executing the analyses from 2.39 to 3.59...
Printing results of investigation trial_1_IK to C:\Users\u0113530\Documents\MuscleTendonEstimator\Examples\Example_trackUS\Results\MuscleAnalysis.
Loaded model subject1 from file C:\Users\u0113530\Documents\MuscleTendonEstimator\Examples\Example_trackUS\Data\model.osim
Loaded model subject1 from file C:\Users\u0113530\Documents\MuscleTendonEstimator\Examples\Walking_DeGrooteetal2016\WalkingData\subject1.osim
AbstractTool Walking_IK loading model 'C:\Users\u0113530\Documents\MuscleTendonEstimator\Examples\Walking_DeGrooteetal2016\WalkingData\subject1.osim'
Loaded model subject1 from file C:\Users\u0113530\Documents\MuscleTendonEstimator\Examples\Walking_DeGrooteetal2016\WalkingData\subject1.osim
No external loads will be applied (external loads file not specified).

Loading coordinates from file C:\Users\u0113530\Documents\MuscleTendonEstimator\Examples\Walking_DeGrooteetal2016\WalkingData\Walking_IK.mot.
Storage: file=C:\Users\u0113530\Documents\MuscleTendonEstimator\Examples\Walking_DeGrooteetal2016\WalkingData\Walking_IK.mot (nr=121 nc=24)
Found 121 state vectors with time stamps ranging from 0.5 to 2.5.
Executing the analyses from 0.5 to 2.5...
Printing results of investigation Walking_IK to C:\Users\u0113530\Documents\MuscleTendonEstimator\Examples\Walking_DeGrooteetal2016\Results\MuscleAnalysis.
Loaded model subject1 from file C:\Users\u0113530\Documents\MuscleTendonEstimator\Examples\Walking_DeGrooteetal2016\WalkingData\subject1.osim
Loaded model subject1 from file C:\Users\u0113530\Documents\MuscleTendonEstimator\Examples\Walking_DeGrooteetal2016\WalkingData\subject1.osim
AbstractTool Walking_IK loading model 'C:\Users\u0113530\Documents\MuscleTendonEstimator\Examples\Walking_DeGrooteetal2016\WalkingData\subject1.osim'
Loaded model subject1 from file C:\Users\u0113530\Documents\MuscleTendonEstimator\Examples\Walking_DeGrooteetal2016\WalkingData\subject1.osim
No external loads will be applied (external loads file not specified).

Loading coordinates from file C:\Users\u0113530\Documents\MuscleTendonEstimator\Examples\Walking_DeGrooteetal2016\WalkingData\Walking_IK.mot.
Storage: file=C:\Users\u0113530\Documents\MuscleTendonEstimator\Examples\Walking_DeGrooteetal2016\WalkingData\Walking_IK.mot (nr=121 nc=24)
Found 121 state vectors with time stamps ranging from 0.5 to 2.5.
Executing the analyses from 0.5 to 2.5...
Printing results of investigation Walking_IK to C:\Users\u0113530\Documents\MuscleTendonEstimator\Examples\Walking_DeGrooteetal2016\Results\MuscleAnalysis.
Loaded model subject1 from file C:\Users\u0113530\Documents\MuscleTendonEstimator\Examples\Walking_DeGrooteetal2016\WalkingData\subject1.osim
Loaded model subject1 from file C:\Users\u0113530\Documents\MuscleTendonEstimator\Examples\Example_trackUS\Data\model.osim
AbstractTool trial_1_IK loading model 'C:\Users\u0113530\Documents\MuscleTendonEstimator\Examples\Example_trackUS\Data\model.osim'
Loaded model subject1 from file C:\Users\u0113530\Documents\MuscleTendonEstimator\Examples\Example_trackUS\Data\model.osim
No external loads will be applied (external loads file not specified).

Loading coordinates from file C:\Users\u0113530\Documents\MuscleTendonEstimator\Examples\Example_trackUS\Data\trial_1_IK.mot.
Old version storage/motion file encountered
Storage: file=C:\Users\u0113530\Documents\MuscleTendonEstimator\Examples\Example_trackUS\Data\trial_1_IK.mot (nr=121 nc=42)
.. assuming rotations in Degrees.
Found 121 state vectors with time stamps ranging from 2.39 to 3.59.
Executing the analyses from 2.39 to 3.59...
Printing results of investigation trial_1_IK to C:\Users\u0113530\Documents\MuscleTendonEstimator\Examples\Example_trackUS\Results\MuscleAnalysis.
Loaded model subject1 from file C:\Users\u0113530\Documents\MuscleTendonEstimator\Examples\Example_trackUS\Data\model.osim
Loaded model subject1 from file C:\Users\u0113530\Documents\MuscleTendonEstimator\Examples\Walking_DeGrooteetal2016\WalkingData\subject1.osim
AbstractTool Walking_IK loading model 'C:\Users\u0113530\Documents\MuscleTendonEstimator\Examples\Walking_DeGrooteetal2016\WalkingData\subject1.osim'
Loaded model subject1 from file C:\Users\u0113530\Documents\MuscleTendonEstimator\Examples\Walking_DeGrooteetal2016\WalkingData\subject1.osim
No external loads will be applied (external loads file not specified).

Loading coordinates from file C:\Users\u0113530\Documents\MuscleTendonEstimator\Examples\Walking_DeGrooteetal2016\WalkingData\Walking_IK.mot.
Storage: file=C:\Users\u0113530\Documents\MuscleTendonEstimator\Examples\Walking_DeGrooteetal2016\WalkingData\Walking_IK.mot (nr=121 nc=24)
Found 121 state vectors with time stamps ranging from 0.5 to 2.5.
Executing the analyses from 0.5 to 2.5...
Printing results of investigation Walking_IK to C:\Users\u0113530\Documents\MuscleTendonEstimator\Examples\Walking_DeGrooteetal2016\Results\MuscleAnalysis.
Loaded model subject1 from file C:\Users\u0113530\Documents\MuscleTendonEstimator\Examples\Walking_DeGrooteetal2016\WalkingData\subject1.osim
Loaded model subject1 from file C:\Users\u0113530\Documents\MuscleTendonEstimator\Examples\Example_trackUS\Data\model.osim
AbstractTool trial_1_IK loading model 'C:\Users\u0113530\Documents\MuscleTendonEstimator\Examples\Example_trackUS\Data\model.osim'
Loaded model subject1 from file C:\Users\u0113530\Documents\MuscleTendonEstimator\Examples\Example_trackUS\Data\model.osim
No external loads will be applied (external loads file not specified).

Loading coordinates from file C:\Users\u0113530\Documents\MuscleTendonEstimator\Examples\Example_trackUS\Data\trial_1_IK.mot.
Old version storage/motion file encountered
Storage: file=C:\Users\u0113530\Documents\MuscleTendonEstimator\Examples\Example_trackUS\Data\trial_1_IK.mot (nr=121 nc=42)
.. assuming rotations in Degrees.
Found 121 state vectors with time stamps ranging from 2.39 to 3.59.
Executing the analyses from 2.39 to 3.59...
Printing results of investigation trial_1_IK to C:\Users\u0113530\Documents\MuscleTendonEstimator\Examples\Example_trackUS\Results\MuscleAnalysis.
Loaded model subject1 from file C:\Users\u0113530\Documents\MuscleTendonEstimator\Examples\Example_trackUS\Data\model.osim
Loaded model subject1 from file C:\Users\u0113530\Documents\MuscleTendonEstimator\Examples\Example_trackUS\Data\model.osim
AbstractTool trial_1_IK loading model 'C:\Users\u0113530\Documents\MuscleTendonEstimator\Examples\Example_trackUS\Data\model.osim'
Loaded model subject1 from file C:\Users\u0113530\Documents\MuscleTendonEstimator\Examples\Example_trackUS\Data\model.osim
No external loads will be applied (external loads file not specified).

Loading coordinates from file C:\Users\u0113530\Documents\MuscleTendonEstimator\Examples\Example_trackUS\Data\trial_1_IK.mot.
Old version storage/motion file encountered
Storage: file=C:\Users\u0113530\Documents\MuscleTendonEstimator\Examples\Example_trackUS\Data\trial_1_IK.mot (nr=121 nc=42)
.. assuming rotations in Degrees.
Found 121 state vectors with time stamps ranging from 2.39 to 3.59.
Executing the analyses from 2.39 to 3.59...
Printing results of investigation trial_1_IK to C:\Users\u0113530\Documents\MuscleTendonEstimator\Examples\Example_trackUS\Results\MuscleAnalysis.
Loaded model subject1 from file C:\Users\u0113530\Documents\MuscleTendonEstimator\Examples\Example_trackUS\Data\model.osim
Loaded model subject1 from file C:\Users\u0113530\Documents\MuscleTendonEstimator\Examples\Walking_DeGrooteetal2016\WalkingData\subject1.osim
AbstractTool Walking_IK loading model 'C:\Users\u0113530\Documents\MuscleTendonEstimator\Examples\Walking_DeGrooteetal2016\WalkingData\subject1.osim'
Loaded model subject1 from file C:\Users\u0113530\Documents\MuscleTendonEstimator\Examples\Walking_DeGrooteetal2016\WalkingData\subject1.osim
No external loads will be applied (external loads file not specified).

Loading coordinates from file C:\Users\u0113530\Documents\MuscleTendonEstimator\Examples\Walking_DeGrooteetal2016\WalkingData\Walking_IK.mot.
Storage: file=C:\Users\u0113530\Documents\MuscleTendonEstimator\Examples\Walking_DeGrooteetal2016\WalkingData\Walking_IK.mot (nr=121 nc=24)
Found 121 state vectors with time stamps ranging from 0.5 to 2.5.
Executing the analyses from 0.5 to 2.5...
Printing results of investigation Walking_IK to C:\Users\u0113530\Documents\MuscleTendonEstimator\Examples\Walking_DeGrooteetal2016\Results\MuscleAnalysis.
Loaded model subject1 from file C:\Users\u0113530\Documents\MuscleTendonEstimator\Examples\Walking_DeGrooteetal2016\WalkingData\subject1.osim
Loaded model subject1 from file C:\Users\u0113530\Documents\MuscleTendonEstimator\Examples\Example_trackUS\Data\model.osim
AbstractTool trial_1_IK loading model 'C:\Users\u0113530\Documents\MuscleTendonEstimator\Examples\Example_trackUS\Data\model.osim'
Loaded model subject1 from file C:\Users\u0113530\Documents\MuscleTendonEstimator\Examples\Example_trackUS\Data\model.osim
No external loads will be applied (external loads file not specified).

Loading coordinates from file C:\Users\u0113530\Documents\MuscleTendonEstimator\Examples\Example_trackUS\Data\trial_1_IK.mot.
Old version storage/motion file encountered
Storage: file=C:\Users\u0113530\Documents\MuscleTendonEstimator\Examples\Example_trackUS\Data\trial_1_IK.mot (nr=121 nc=42)
.. assuming rotations in Degrees.
Found 121 state vectors with time stamps ranging from 2.39 to 3.59.
Executing the analyses from 2.39 to 3.59...
Printing results of investigation trial_1_IK to C:\Users\u0113530\Documents\MuscleTendonEstimator\Examples\Example_trackUS\Results\MuscleAnalysis.
Loaded model subject1 from file C:\Users\u0113530\Documents\MuscleTendonEstimator\Examples\Example_trackUS\Data\model.osim
Loaded model subject1 from file C:\Users\u0113530\Documents\MuscleTendonEstimator\Examples\Example_trackUS\Data\model.osim
AbstractTool trial_1_IK loading model 'C:\Users\u0113530\Documents\MuscleTendonEstimator\Examples\Example_trackUS\Data\model.osim'
Loaded model subject1 from file C:\Users\u0113530\Documents\MuscleTendonEstimator\Examples\Example_trackUS\Data\model.osim
No external loads will be applied (external loads file not specified).

Loading coordinates from file C:\Users\u0113530\Documents\MuscleTendonEstimator\Examples\Example_trackUS\Data\trial_1_IK.mot.
Old version storage/motion file encountered
Storage: file=C:\Users\u0113530\Documents\MuscleTendonEstimator\Examples\Example_trackUS\Data\trial_1_IK.mot (nr=121 nc=42)
.. assuming rotations in Degrees.
Found 121 state vectors with time stamps ranging from 2.39 to 3.59.
Executing the analyses from 2.39 to 3.59...
Printing results of investigation trial_1_IK to C:\Users\u0113530\Documents\MuscleTendonEstimator\Examples\Example_trackUS\Results\MuscleAnalysis.
Loaded model subject1 from file C:\Users\u0113530\Documents\MuscleTendonEstimator\Examples\Example_trackUS\Data\model.osim
Loaded model subject1 from file C:\Users\u0113530\Documents\MuscleTendonEstimator\Examples\Walking_DeGrooteetal2016\WalkingData\subject1.osim
AbstractTool Walking_IK loading model 'C:\Users\u0113530\Documents\MuscleTendonEstimator\Examples\Walking_DeGrooteetal2016\WalkingData\subject1.osim'
Loaded model subject1 from file C:\Users\u0113530\Documents\MuscleTendonEstimator\Examples\Walking_DeGrooteetal2016\WalkingData\subject1.osim
No external loads will be applied (external loads file not specified).

Loading coordinates from file C:\Users\u0113530\Documents\MuscleTendonEstimator\Examples\Walking_DeGrooteetal2016\WalkingData\Walking_IK.mot.
Storage: file=C:\Users\u0113530\Documents\MuscleTendonEstimator\Examples\Walking_DeGrooteetal2016\WalkingData\Walking_IK.mot (nr=121 nc=24)
Found 121 state vectors with time stamps ranging from 0.5 to 2.5.
Executing the analyses from 0.5 to 2.5...
Printing results of investigation Walking_IK to C:\Users\u0113530\Documents\MuscleTendonEstimator\Examples\Walking_DeGrooteetal2016\Results\MuscleAnalysis.
Loaded model subject1 from file C:\Users\u0113530\Documents\MuscleTendonEstimator\Examples\Walking_DeGrooteetal2016\WalkingData\subject1.osim
Loaded model subject1 from file C:\Users\u0113530\Documents\MuscleTendonEstimator\Examples\Walking_DeGrooteetal2016\WalkingData\subject1.osim
AbstractTool Walking_IK loading model 'C:\Users\u0113530\Documents\MuscleTendonEstimator\Examples\Walking_DeGrooteetal2016\WalkingData\subject1.osim'
Loaded model subject1 from file C:\Users\u0113530\Documents\MuscleTendonEstimator\Examples\Walking_DeGrooteetal2016\WalkingData\subject1.osim
No external loads will be applied (external loads file not specified).

Loading coordinates from file C:\Users\u0113530\Documents\MuscleTendonEstimator\Examples\Walking_DeGrooteetal2016\WalkingData\Walking_IK.mot.
Storage: file=C:\Users\u0113530\Documents\MuscleTendonEstimator\Examples\Walking_DeGrooteetal2016\WalkingData\Walking_IK.mot (nr=121 nc=24)
Found 121 state vectors with time stamps ranging from 0.5 to 2.5.
Executing the analyses from 0.5 to 2.5...
Printing results of investigation Walking_IK to C:\Users\u0113530\Documents\MuscleTendonEstimator\Examples\Walking_DeGrooteetal2016\Results\MuscleAnalysis.
Loaded model subject1 from file C:\Users\u0113530\Documents\MuscleTendonEstimator\Examples\Walking_DeGrooteetal2016\WalkingData\subject1.osim
