Loaded model subject1 from file C:\Users\u0113530\Documents\MuscleTendonEstimator\Examples\Walking_DeGrooteetal2016\WalkingData\subject1.osim
AbstractTool Walking_IK loading model 'C:\Users\u0113530\Documents\MuscleTendonEstimator\Examples\Walking_DeGrooteetal2016\WalkingData\subject1.osim'
Loaded model subject1 from file C:\Users\u0113530\Documents\MuscleTendonEstimator\Examples\Walking_DeGrooteetal2016\WalkingData\subject1.osim
No external loads will be applied (external loads file not specified).

Loading coordinates from file C:\Users\u0113530\Documents\MuscleTendonEstimator\Examples\Walking_DeGrooteetal2016\WalkingData\Walking_IK.mot.
Storage: file=C:\Users\u0113530\Documents\MuscleTendonEstimator\Examples\Walking_DeGrooteetal2016\WalkingData\Walking_IK.mot (nr=121 nc=24)
Found 121 state vectors with time stamps ranging from 0.5 to 2.5.
Executing the analyses from 0.5 to 2.5...
Printing results of investigation Walking_IK to C:\Users\u0113530\Documents\MuscleTendonEstimator\Examples\Walking_DeGrooteetal2016\Results\MuscleAnalysis.
Loaded model subject1 from file C:\Users\u0113530\Documents\MuscleTendonEstimator\Examples\Walking_DeGrooteetal2016\WalkingData\subject1.osim
Loaded model subject1 from file C:\Users\u0113530\Documents\MuscleTendonEstimator\Examples\Walking_DeGrooteetal2016\WalkingData\subject1.osim
AbstractTool Walking_IK loading model 'C:\Users\u0113530\Documents\MuscleTendonEstimator\Examples\Walking_DeGrooteetal2016\WalkingData\subject1.osim'
Loaded model subject1 from file C:\Users\u0113530\Documents\MuscleTendonEstimator\Examples\Walking_DeGrooteetal2016\WalkingData\subject1.osim
No external loads will be applied (external loads file not specified).

Loading coordinates from file C:\Users\u0113530\Documents\MuscleTendonEstimator\Examples\Walking_DeGrooteetal2016\WalkingData\Walking_IK.mot.
Storage: file=C:\Users\u0113530\Documents\MuscleTendonEstimator\Examples\Walking_DeGrooteetal2016\WalkingData\Walking_IK.mot (nr=121 nc=24)
Found 121 state vectors with time stamps ranging from 0.5 to 2.5.
Executing the analyses from 0.5 to 2.5...
Printing results of investigation Walking_IK to C:\Users\u0113530\Documents\MuscleTendonEstimator\Examples\Walking_DeGrooteetal2016\Results\MuscleAnalysis.
Loaded model subject1 from file C:\Users\u0113530\Documents\MuscleTendonEstimator\Examples\Walking_DeGrooteetal2016\WalkingData\subject1.osim
Loaded model subject1 from file C:\Users\u0113530\Documents\MuscleTendonEstimator\Examples\Example_trackUS\Data\model.osim
AbstractTool trial_1_IK loading model 'C:\Users\u0113530\Documents\MuscleTendonEstimator\Examples\Example_trackUS\Data\model.osim'
Loaded model subject1 from file C:\Users\u0113530\Documents\MuscleTendonEstimator\Examples\Example_trackUS\Data\model.osim
No external loads will be applied (external loads file not specified).

Loading coordinates from file C:\Users\u0113530\Documents\MuscleTendonEstimator\Examples\Example_trackUS\Data\trial_1_IK.mot.
Old version storage/motion file encountered
Storage: file=C:\Users\u0113530\Documents\MuscleTendonEstimator\Examples\Example_trackUS\Data\trial_1_IK.mot (nr=121 nc=42)
.. assuming rotations in Degrees.
Found 121 state vectors with time stamps ranging from 2.39 to 3.59.
Executing the analyses from 2.39 to 3.59...
Printing results of investigation trial_1_IK to C:\Users\u0113530\Documents\MuscleTendonEstimator\Examples\Example_trackUS\Results\MuscleAnalysis.
Loaded model subject1 from file C:\Users\u0113530\Documents\MuscleTendonEstimator\Examples\Example_trackUS\Data\model.osim
AbstractTool trial_2_IK loading model 'C:\Users\u0113530\Documents\MuscleTendonEstimator\Examples\Example_trackUS\Data\model.osim'
Loaded model subject1 from file C:\Users\u0113530\Documents\MuscleTendonEstimator\Examples\Example_trackUS\Data\model.osim
No external loads will be applied (external loads file not specified).

Loading coordinates from file C:\Users\u0113530\Documents\MuscleTendonEstimator\Examples\Example_trackUS\Data\trial_2_IK.mot.
Old version storage/motion file encountered
Storage: file=C:\Users\u0113530\Documents\MuscleTendonEstimator\Examples\Example_trackUS\Data\trial_2_IK.mot (nr=116 nc=42)
.. assuming rotations in Degrees.
Found 116 state vectors with time stamps ranging from 3.61 to 4.76.
Executing the analyses from 3.61 to 4.76...
Printing results of investigation trial_2_IK to C:\Users\u0113530\Documents\MuscleTendonEstimator\Examples\Example_trackUS\Results\MuscleAnalysis.
Loaded model subject1 from file C:\Users\u0113530\Documents\MuscleTendonEstimator\Examples\Example_trackUS\Data\model.osim
AbstractTool trial_4_IK loading model 'C:\Users\u0113530\Documents\MuscleTendonEstimator\Examples\Example_trackUS\Data\model.osim'
Loaded model subject1 from file C:\Users\u0113530\Documents\MuscleTendonEstimator\Examples\Example_trackUS\Data\model.osim
No external loads will be applied (external loads file not specified).

Loading coordinates from file C:\Users\u0113530\Documents\MuscleTendonEstimator\Examples\Example_trackUS\Data\trial_4_IK.mot.
Old version storage/motion file encountered
Storage: file=C:\Users\u0113530\Documents\MuscleTendonEstimator\Examples\Example_trackUS\Data\trial_4_IK.mot (nr=120 nc=42)
.. assuming rotations in Degrees.
Found 120 state vectors with time stamps ranging from 6 to 7.19.
Executing the analyses from 6 to 7.19...
Printing results of investigation trial_4_IK to C:\Users\u0113530\Documents\MuscleTendonEstimator\Examples\Example_trackUS\Results\MuscleAnalysis.
Loaded model subject1 from file C:\Users\u0113530\Documents\MuscleTendonEstimator\Examples\Example_trackUS\Data\model.osim
Loaded model subject1 from file C:\Users\u0113530\Documents\MuscleTendonEstimator\Examples\Example_TendonEstimator_RunningData\Data\model.osim
AbstractTool PSF_IK_stride2 loading model 'C:\Users\u0113530\Documents\MuscleTendonEstimator\Examples\Example_TendonEstimator_RunningData\Data\model.osim'
Loaded model subject1 from file C:\Users\u0113530\Documents\MuscleTendonEstimator\Examples\Example_TendonEstimator_RunningData\Data\model.osim
No external loads will be applied (external loads file not specified).

Loading coordinates from file C:\Users\u0113530\Documents\MuscleTendonEstimator\Examples\Example_TendonEstimator_RunningData\Data\PSF_IK_stride2.mot.
Old version storage/motion file encountered
Storage: file=C:\Users\u0113530\Documents\MuscleTendonEstimator\Examples\Example_TendonEstimator_RunningData\Data\PSF_IK_stride2.mot (nr=147 nc=38)
.. assuming rotations in Degrees.
Found 147 state vectors with time stamps ranging from 0.33 to 1.06.
Executing the analyses from 0.33 to 1.06...
Printing results of investigation PSF_IK_stride2 to C:\Users\u0113530\Documents\MuscleTendonEstimator\Examples\Example_TendonEstimator_RunningData\Results\MuscleAnalysis.
Loaded model subject1 from file C:\Users\u0113530\Documents\MuscleTendonEstimator\Examples\Example_TendonEstimator_RunningData\Data\model.osim
AbstractTool +8_IK_stride2 loading model 'C:\Users\u0113530\Documents\MuscleTendonEstimator\Examples\Example_TendonEstimator_RunningData\Data\model.osim'
Loaded model subject1 from file C:\Users\u0113530\Documents\MuscleTendonEstimator\Examples\Example_TendonEstimator_RunningData\Data\model.osim
No external loads will be applied (external loads file not specified).

Loading coordinates from file C:\Users\u0113530\Documents\MuscleTendonEstimator\Examples\Example_TendonEstimator_RunningData\Data\+8_IK_stride2.mot.
Old version storage/motion file encountered
Storage: file=C:\Users\u0113530\Documents\MuscleTendonEstimator\Examples\Example_TendonEstimator_RunningData\Data\+8_IK_stride2.mot (nr=135 nc=38)
.. assuming rotations in Degrees.
Found 135 state vectors with time stamps ranging from 0.26 to 0.93.
Executing the analyses from 0.26 to 0.93...
Printing results of investigation +8_IK_stride2 to C:\Users\u0113530\Documents\MuscleTendonEstimator\Examples\Example_TendonEstimator_RunningData\Results\MuscleAnalysis.
Loaded model subject1 from file C:\Users\u0113530\Documents\MuscleTendonEstimator\Examples\Example_TendonEstimator_RunningData\Data\model.osim
AbstractTool +15_IK_stride2 loading model 'C:\Users\u0113530\Documents\MuscleTendonEstimator\Examples\Example_TendonEstimator_RunningData\Data\model.osim'
Loaded model subject1 from file C:\Users\u0113530\Documents\MuscleTendonEstimator\Examples\Example_TendonEstimator_RunningData\Data\model.osim
No external loads will be applied (external loads file not specified).

Loading coordinates from file C:\Users\u0113530\Documents\MuscleTendonEstimator\Examples\Example_TendonEstimator_RunningData\Data\+15_IK_stride2.mot.
Old version storage/motion file encountered
Storage: file=C:\Users\u0113530\Documents\MuscleTendonEstimator\Examples\Example_TendonEstimator_RunningData\Data\+15_IK_stride2.mot (nr=127 nc=38)
.. assuming rotations in Degrees.
Found 127 state vectors with time stamps ranging from 0.15 to 0.78.
Executing the analyses from 0.15 to 0.78...
Printing results of investigation +15_IK_stride2 to C:\Users\u0113530\Documents\MuscleTendonEstimator\Examples\Example_TendonEstimator_RunningData\Results\MuscleAnalysis.
Loaded model subject1 from file C:\Users\u0113530\Documents\MuscleTendonEstimator\Examples\Example_TendonEstimator_RunningData\Data\model.osim
Loaded model subject1 from file C:\Users\u0113530\Documents\MuscleTendonEstimator\Examples\JPCB_ORLAU_Example\Models\model.osim
AbstractTool ng10203_IK loading model 'C:\Users\u0113530\Documents\MuscleTendonEstimator\Examples\JPCB_ORLAU_Example\Models\model.osim'
Loaded model subject1 from file C:\Users\u0113530\Documents\MuscleTendonEstimator\Examples\JPCB_ORLAU_Example\Models\model.osim
No external loads will be applied (external loads file not specified).

Loading coordinates from file C:\Users\u0113530\Documents\MuscleTendonEstimator\Examples\JPCB_ORLAU_Example\IK\ng10203_IK.mot.
Storage: file=C:\Users\u0113530\Documents\MuscleTendonEstimator\Examples\JPCB_ORLAU_Example\IK\ng10203_IK.mot (nr=110 nc=42)
Found 110 state vectors with time stamps ranging from 1.22 to 2.31.
Executing the analyses from 1.22 to 2...
Printing results of investigation ng10203_IK to C:\Users\u0113530\Documents\MuscleTendonEstimator\Examples\JPCB_ORLAU_Example\Results2\MuscleAnalysis.
Loaded model subject1 from file C:\Users\u0113530\Documents\MuscleTendonEstimator\Examples\JPCB_ORLAU_Example\Models\model.osim
AbstractTool ng10220_IK loading model 'C:\Users\u0113530\Documents\MuscleTendonEstimator\Examples\JPCB_ORLAU_Example\Models\model.osim'
Loaded model subject1 from file C:\Users\u0113530\Documents\MuscleTendonEstimator\Examples\JPCB_ORLAU_Example\Models\model.osim
No external loads will be applied (external loads file not specified).

Loading coordinates from file C:\Users\u0113530\Documents\MuscleTendonEstimator\Examples\JPCB_ORLAU_Example\IK\ng10220_IK.mot.
Storage: file=C:\Users\u0113530\Documents\MuscleTendonEstimator\Examples\JPCB_ORLAU_Example\IK\ng10220_IK.mot (nr=329 nc=42)
Found 329 state vectors with time stamps ranging from 3.73 to 7.01.
Executing the analyses from 4.5 to 5...
Printing results of investigation ng10220_IK to C:\Users\u0113530\Documents\MuscleTendonEstimator\Examples\JPCB_ORLAU_Example\Results2\MuscleAnalysis.
Loaded model subject1 from file C:\Users\u0113530\Documents\MuscleTendonEstimator\Examples\JPCB_ORLAU_Example\Models\model.osim
Loaded model subject1 from file C:\Users\u0113530\Documents\MuscleTendonEstimator\Examples\JPCB_ORLAU_Example\Models\model.osim
AbstractTool ng10203_IK loading model 'C:\Users\u0113530\Documents\MuscleTendonEstimator\Examples\JPCB_ORLAU_Example\Models\model.osim'
Loaded model subject1 from file C:\Users\u0113530\Documents\MuscleTendonEstimator\Examples\JPCB_ORLAU_Example\Models\model.osim
No external loads will be applied (external loads file not specified).

Loading coordinates from file C:\Users\u0113530\Documents\MuscleTendonEstimator\Examples\JPCB_ORLAU_Example\IK\ng10203_IK.mot.
Storage: file=C:\Users\u0113530\Documents\MuscleTendonEstimator\Examples\JPCB_ORLAU_Example\IK\ng10203_IK.mot (nr=110 nc=42)
Found 110 state vectors with time stamps ranging from 1.22 to 2.31.
Executing the analyses from 1.22 to 2...
Printing results of investigation ng10203_IK to C:\Users\u0113530\Documents\MuscleTendonEstimator\Examples\JPCB_ORLAU_Example\Results2\MuscleAnalysis.
Loaded model subject1 from file C:\Users\u0113530\Documents\MuscleTendonEstimator\Examples\JPCB_ORLAU_Example\Models\model.osim
AbstractTool ng10220_IK loading model 'C:\Users\u0113530\Documents\MuscleTendonEstimator\Examples\JPCB_ORLAU_Example\Models\model.osim'
Loaded model subject1 from file C:\Users\u0113530\Documents\MuscleTendonEstimator\Examples\JPCB_ORLAU_Example\Models\model.osim
No external loads will be applied (external loads file not specified).

Loading coordinates from file C:\Users\u0113530\Documents\MuscleTendonEstimator\Examples\JPCB_ORLAU_Example\IK\ng10220_IK.mot.
Storage: file=C:\Users\u0113530\Documents\MuscleTendonEstimator\Examples\JPCB_ORLAU_Example\IK\ng10220_IK.mot (nr=329 nc=42)
Found 329 state vectors with time stamps ranging from 3.73 to 7.01.
Executing the analyses from 4.5 to 5...
Printing results of investigation ng10220_IK to C:\Users\u0113530\Documents\MuscleTendonEstimator\Examples\JPCB_ORLAU_Example\Results2\MuscleAnalysis.
Loaded model subject1 from file C:\Users\u0113530\Documents\MuscleTendonEstimator\Examples\JPCB_ORLAU_Example\Models\model.osim
Loaded model subject1 from file C:\Users\u0113530\Documents\MuscleTendonEstimator\Examples\JPCB_ORLAU_Example\Models\model.osim
AbstractTool ng10203_IK loading model 'C:\Users\u0113530\Documents\MuscleTendonEstimator\Examples\JPCB_ORLAU_Example\Models\model.osim'
Loaded model subject1 from file C:\Users\u0113530\Documents\MuscleTendonEstimator\Examples\JPCB_ORLAU_Example\Models\model.osim
No external loads will be applied (external loads file not specified).

Loading coordinates from file C:\Users\u0113530\Documents\MuscleTendonEstimator\Examples\JPCB_ORLAU_Example\IK\ng10203_IK.mot.
Storage: file=C:\Users\u0113530\Documents\MuscleTendonEstimator\Examples\JPCB_ORLAU_Example\IK\ng10203_IK.mot (nr=110 nc=42)
Found 110 state vectors with time stamps ranging from 1.22 to 2.31.
Executing the analyses from 1.22 to 2...
Printing results of investigation ng10203_IK to C:\Users\u0113530\Documents\MuscleTendonEstimator\Examples\JPCB_ORLAU_Example\Results2\MuscleAnalysis.
Loaded model subject1 from file C:\Users\u0113530\Documents\MuscleTendonEstimator\Examples\JPCB_ORLAU_Example\Models\model.osim
AbstractTool ng10220_IK loading model 'C:\Users\u0113530\Documents\MuscleTendonEstimator\Examples\JPCB_ORLAU_Example\Models\model.osim'
Loaded model subject1 from file C:\Users\u0113530\Documents\MuscleTendonEstimator\Examples\JPCB_ORLAU_Example\Models\model.osim
No external loads will be applied (external loads file not specified).

Loading coordinates from file C:\Users\u0113530\Documents\MuscleTendonEstimator\Examples\JPCB_ORLAU_Example\IK\ng10220_IK.mot.
Storage: file=C:\Users\u0113530\Documents\MuscleTendonEstimator\Examples\JPCB_ORLAU_Example\IK\ng10220_IK.mot (nr=329 nc=42)
Found 329 state vectors with time stamps ranging from 3.73 to 7.01.
Executing the analyses from 4.5 to 5...
Printing results of investigation ng10220_IK to C:\Users\u0113530\Documents\MuscleTendonEstimator\Examples\JPCB_ORLAU_Example\Results2\MuscleAnalysis.
Loaded model subject1 from file C:\Users\u0113530\Documents\MuscleTendonEstimator\Examples\JPCB_ORLAU_Example\Models\model.osim
Loaded model subject1 from file C:\Users\u0113530\Documents\MuscleTendonEstimator\Examples\JPCB_ORLAU_Example\Models\model.osim
AbstractTool ng10203_IK loading model 'C:\Users\u0113530\Documents\MuscleTendonEstimator\Examples\JPCB_ORLAU_Example\Models\model.osim'
Loaded model subject1 from file C:\Users\u0113530\Documents\MuscleTendonEstimator\Examples\JPCB_ORLAU_Example\Models\model.osim
No external loads will be applied (external loads file not specified).

Loading coordinates from file C:\Users\u0113530\Documents\MuscleTendonEstimator\Examples\JPCB_ORLAU_Example\IK\ng10203_IK.mot.
Storage: file=C:\Users\u0113530\Documents\MuscleTendonEstimator\Examples\JPCB_ORLAU_Example\IK\ng10203_IK.mot (nr=110 nc=42)
Found 110 state vectors with time stamps ranging from 1.22 to 2.31.
Executing the analyses from 1.22 to 2...
Printing results of investigation ng10203_IK to C:\Users\u0113530\Documents\MuscleTendonEstimator\Examples\JPCB_ORLAU_Example\Results2\MuscleAnalysis.
Loaded model subject1 from file C:\Users\u0113530\Documents\MuscleTendonEstimator\Examples\JPCB_ORLAU_Example\Models\model.osim
AbstractTool ng10220_IK loading model 'C:\Users\u0113530\Documents\MuscleTendonEstimator\Examples\JPCB_ORLAU_Example\Models\model.osim'
Loaded model subject1 from file C:\Users\u0113530\Documents\MuscleTendonEstimator\Examples\JPCB_ORLAU_Example\Models\model.osim
No external loads will be applied (external loads file not specified).

Loading coordinates from file C:\Users\u0113530\Documents\MuscleTendonEstimator\Examples\JPCB_ORLAU_Example\IK\ng10220_IK.mot.
Storage: file=C:\Users\u0113530\Documents\MuscleTendonEstimator\Examples\JPCB_ORLAU_Example\IK\ng10220_IK.mot (nr=329 nc=42)
Found 329 state vectors with time stamps ranging from 3.73 to 7.01.
Executing the analyses from 4.5 to 5...
Printing results of investigation ng10220_IK to C:\Users\u0113530\Documents\MuscleTendonEstimator\Examples\JPCB_ORLAU_Example\Results2\MuscleAnalysis.
Loaded model subject1 from file C:\Users\u0113530\Documents\MuscleTendonEstimator\Examples\JPCB_ORLAU_Example\Models\model.osim
Loaded model subject1 from file C:\Users\u0113530\Documents\MuscleTendonEstimator\Examples\JPCB_ORLAU_Example\Models\model.osim
AbstractTool ng10203_IK loading model 'C:\Users\u0113530\Documents\MuscleTendonEstimator\Examples\JPCB_ORLAU_Example\Models\model.osim'
Loaded model subject1 from file C:\Users\u0113530\Documents\MuscleTendonEstimator\Examples\JPCB_ORLAU_Example\Models\model.osim
No external loads will be applied (external loads file not specified).

Loading coordinates from file C:\Users\u0113530\Documents\MuscleTendonEstimator\Examples\JPCB_ORLAU_Example\IK\ng10203_IK.mot.
Storage: file=C:\Users\u0113530\Documents\MuscleTendonEstimator\Examples\JPCB_ORLAU_Example\IK\ng10203_IK.mot (nr=110 nc=42)
Found 110 state vectors with time stamps ranging from 1.22 to 2.31.
Executing the analyses from 1.22 to 2...
Printing results of investigation ng10203_IK to C:\Users\u0113530\Documents\MuscleTendonEstimator\Examples\JPCB_ORLAU_Example\Results2\MuscleAnalysis.
Loaded model subject1 from file C:\Users\u0113530\Documents\MuscleTendonEstimator\Examples\JPCB_ORLAU_Example\Models\model.osim
AbstractTool ng10220_IK loading model 'C:\Users\u0113530\Documents\MuscleTendonEstimator\Examples\JPCB_ORLAU_Example\Models\model.osim'
Loaded model subject1 from file C:\Users\u0113530\Documents\MuscleTendonEstimator\Examples\JPCB_ORLAU_Example\Models\model.osim
No external loads will be applied (external loads file not specified).

Loading coordinates from file C:\Users\u0113530\Documents\MuscleTendonEstimator\Examples\JPCB_ORLAU_Example\IK\ng10220_IK.mot.
Storage: file=C:\Users\u0113530\Documents\MuscleTendonEstimator\Examples\JPCB_ORLAU_Example\IK\ng10220_IK.mot (nr=329 nc=42)
Found 329 state vectors with time stamps ranging from 3.73 to 7.01.
Executing the analyses from 4.5 to 5...
Printing results of investigation ng10220_IK to C:\Users\u0113530\Documents\MuscleTendonEstimator\Examples\JPCB_ORLAU_Example\Results2\MuscleAnalysis.
Loaded model subject1 from file C:\Users\u0113530\Documents\MuscleTendonEstimator\Examples\JPCB_ORLAU_Example\Models\model.osim
Loaded model subject1 from file C:\Users\u0113530\Documents\MuscleTendonEstimator\Examples\JPCB_ORLAU_Example\Models\model.osim
AbstractTool ng10203_IK loading model 'C:\Users\u0113530\Documents\MuscleTendonEstimator\Examples\JPCB_ORLAU_Example\Models\model.osim'
Loaded model subject1 from file C:\Users\u0113530\Documents\MuscleTendonEstimator\Examples\JPCB_ORLAU_Example\Models\model.osim
No external loads will be applied (external loads file not specified).

Loading coordinates from file C:\Users\u0113530\Documents\MuscleTendonEstimator\Examples\JPCB_ORLAU_Example\IK\ng10203_IK.mot.
Storage: file=C:\Users\u0113530\Documents\MuscleTendonEstimator\Examples\JPCB_ORLAU_Example\IK\ng10203_IK.mot (nr=110 nc=42)
Found 110 state vectors with time stamps ranging from 1.22 to 2.31.
Executing the analyses from 1.22 to 2...
Printing results of investigation ng10203_IK to C:\Users\u0113530\Documents\MuscleTendonEstimator\Examples\JPCB_ORLAU_Example\Results2\MuscleAnalysis.
Loaded model subject1 from file C:\Users\u0113530\Documents\MuscleTendonEstimator\Examples\JPCB_ORLAU_Example\Models\model.osim
AbstractTool ng10220_IK loading model 'C:\Users\u0113530\Documents\MuscleTendonEstimator\Examples\JPCB_ORLAU_Example\Models\model.osim'
Loaded model subject1 from file C:\Users\u0113530\Documents\MuscleTendonEstimator\Examples\JPCB_ORLAU_Example\Models\model.osim
No external loads will be applied (external loads file not specified).

Loading coordinates from file C:\Users\u0113530\Documents\MuscleTendonEstimator\Examples\JPCB_ORLAU_Example\IK\ng10220_IK.mot.
Storage: file=C:\Users\u0113530\Documents\MuscleTendonEstimator\Examples\JPCB_ORLAU_Example\IK\ng10220_IK.mot (nr=329 nc=42)
Found 329 state vectors with time stamps ranging from 3.73 to 7.01.
Executing the analyses from 4.5 to 5...
Printing results of investigation ng10220_IK to C:\Users\u0113530\Documents\MuscleTendonEstimator\Examples\JPCB_ORLAU_Example\Results2\MuscleAnalysis.
Loaded model subject1 from file C:\Users\u0113530\Documents\MuscleTendonEstimator\Examples\JPCB_ORLAU_Example\Models\model.osim
